                       :-) GROMACS - gmx grompp, 2019 (-:

                            GROMACS is written by:
     Emile Apol      Rossen Apostolov      Paul Bauer     Herman J.C. Berendsen
    Par Bjelkmar      Christian Blau   Viacheslav Bolnykh     Kevin Boyd    
 Aldert van Buuren   Rudi van Drunen     Anton Feenstra       Alan Gray     
  Gerrit Groenhof     Anca Hamuraru    Vincent Hindriksen  M. Eric Irrgang  
  Aleksei Iupinov   Christoph Junghans     Joe Jordan     Dimitrios Karkoulis
    Peter Kasson        Jiri Kraus      Carsten Kutzner      Per Larsson    
  Justin A. Lemkul    Viveca Lindahl    Magnus Lundborg     Erik Marklund   
    Pascal Merz     Pieter Meulenhoff    Teemu Murtola       Szilard Pall   
    Sander Pronk      Roland Schulz      Michael Shirts    Alexey Shvetsov  
   Alfons Sijbers     Peter Tieleman      Jon Vincent      Teemu Virolainen 
 Christian Wennberg    Maarten Wolf   
                           and the project leaders:
        Mark Abraham, Berk Hess, Erik Lindahl, and David van der Spoel

Copyright (c) 1991-2000, University of Groningen, The Netherlands.
Copyright (c) 2001-2018, The GROMACS development team at
Uppsala University, Stockholm University and
the Royal Institute of Technology, Sweden.
check out http://www.gromacs.org for more information.

GROMACS is free software; you can redistribute it and/or modify it
under the terms of the GNU Lesser General Public License
as published by the Free Software Foundation; either version 2.1
of the License, or (at your option) any later version.

GROMACS:      gmx grompp, version 2019
Executable:   /home/polyachenkoya/.local/bin/gmx_ser_gpu
Data prefix:  /home/polyachenkoya/.local
Working dir:  /mnt/storage/home/polyachenkoya/1iee/run/dV_time2.0_3
Command line:
  gmx_ser_gpu grompp -f nvt.mdp -c nvt.gro -p topol.top -o nvt.tpr

Setting the LD random seed to -617869014
Generated 330891 of the 330891 non-bonded parameter combinations
Generating 1-4 interactions: fudge = 0.5
Generated 330891 of the 330891 1-4 parameter combinations
Excluding 2 bonded neighbours molecule type 'SOL'
Cleaning up constraints and constant bonded interactions with virtual sites
Removing all charge groups because cutoff-scheme=Verlet
Number of degrees of freedom in T-Coupling group System is 87909.00
Estimate for the relative computational load of the PME mesh part: 0.20

GROMACS reminds you: "Research ! A mere excuse for idleness; it has never achieved, and will never achieve any results of the slightest value." (Benjamin Jowett, British theologian, 1817-93)

turning H bonds into constraints...
Analysing residue names:
There are: 14652      Water residues
Determining Verlet buffer for a tolerance of 0.005 kJ/mol/ps at 298.15 K
Calculated rlist for 1x1 atom pair-list as 1.038 nm, buffer size 0.038 nm
Set rlist, assuming 4x4 atom pair-list, to 1.001 nm, buffer size 0.001 nm
Note that mdrun will redetermine rlist based on the actual pair-list setup
Calculating fourier grid dimensions for X Y Z
Using a fourier grid of 72x72x64, spacing 0.107 0.107 0.116
This run will generate roughly 24 Mb of data
                       :-) GROMACS - gmx mdrun, 2019 (-:

                            GROMACS is written by:
     Emile Apol      Rossen Apostolov      Paul Bauer     Herman J.C. Berendsen
    Par Bjelkmar      Christian Blau   Viacheslav Bolnykh     Kevin Boyd    
 Aldert van Buuren   Rudi van Drunen     Anton Feenstra       Alan Gray     
  Gerrit Groenhof     Anca Hamuraru    Vincent Hindriksen  M. Eric Irrgang  
  Aleksei Iupinov   Christoph Junghans     Joe Jordan     Dimitrios Karkoulis
    Peter Kasson        Jiri Kraus      Carsten Kutzner      Per Larsson    
  Justin A. Lemkul    Viveca Lindahl    Magnus Lundborg     Erik Marklund   
    Pascal Merz     Pieter Meulenhoff    Teemu Murtola       Szilard Pall   
    Sander Pronk      Roland Schulz      Michael Shirts    Alexey Shvetsov  
   Alfons Sijbers     Peter Tieleman      Jon Vincent      Teemu Virolainen 
 Christian Wennberg    Maarten Wolf   
                           and the project leaders:
        Mark Abraham, Berk Hess, Erik Lindahl, and David van der Spoel

Copyright (c) 1991-2000, University of Groningen, The Netherlands.
Copyright (c) 2001-2018, The GROMACS development team at
Uppsala University, Stockholm University and
the Royal Institute of Technology, Sweden.
check out http://www.gromacs.org for more information.

GROMACS is free software; you can redistribute it and/or modify it
under the terms of the GNU Lesser General Public License
as published by the Free Software Foundation; either version 2.1
of the License, or (at your option) any later version.

GROMACS:      gmx mdrun, version 2019
Executable:   /home/polyachenkoya/.local/bin/gmx_angara
Data prefix:  /home/polyachenkoya/.local
Working dir:  /mnt/storage/home/polyachenkoya/1iee/run/dV_time2.0_3
Command line:
  gmx_angara mdrun -deffnm nvt -ntomp 1 -dlb no -pin on -cpi nvt.cpt -cpo nvt.cpt -maxh 24 -nb gpu -gpu_id 0

No previous checkpoint file present with -cpi option, assuming this is a new run.
Reading file nvt.tpr, VERSION 2019 (single precision)
Changing nstlist from 10 to 80, rlist from 1.001 to 1.146

Using 4 MPI processes
Using 1 OpenMP thread per MPI process

On host host28 1 GPU auto-selected for this run.
Mapping of GPU IDs to the 4 GPU tasks in the 4 ranks on this node:
  PP:0,PP:0,PP:0,PP:0
PP tasks will do (non-perturbed) short-ranged interactions on the GPU

NOTE: Your choice of number of MPI ranks and amount of resources results in using 1 OpenMP threads per rank, which is most likely inefficient. The optimum is usually between 2 and 6 threads per rank.
starting mdrun 'TIP4PEW in water'
1000000 steps,   2000.0 ps.

Writing final coordinates.

Back Off! I just backed up nvt.gro to ./#nvt.gro.1#


Dynamic load balancing report:
 DLB was off during the run per user request.
 Average load imbalance: 2.6%.
 The balanceable part of the MD step is 53%, load imbalance is computed from this.
 Part of the total run time spent waiting due to load imbalance: 1.4%.


NOTE: The GPU has >25% more load than the CPU. This imbalance wastes
      CPU resources.

               Core t (s)   Wall t (s)        (%)
       Time:    17674.249     4418.565      400.0
                         1h13:38
                 (ns/day)    (hour/ns)
Performance:       39.108        0.614

GROMACS reminds you: "Correctomundo" (Pulp Fiction)

                      :-) GROMACS - gmx editconf, 2019 (-:

                            GROMACS is written by:
     Emile Apol      Rossen Apostolov      Paul Bauer     Herman J.C. Berendsen
    Par Bjelkmar      Christian Blau   Viacheslav Bolnykh     Kevin Boyd    
 Aldert van Buuren   Rudi van Drunen     Anton Feenstra       Alan Gray     
  Gerrit Groenhof     Anca Hamuraru    Vincent Hindriksen  M. Eric Irrgang  
  Aleksei Iupinov   Christoph Junghans     Joe Jordan     Dimitrios Karkoulis
    Peter Kasson        Jiri Kraus      Carsten Kutzner      Per Larsson    
  Justin A. Lemkul    Viveca Lindahl    Magnus Lundborg     Erik Marklund   
    Pascal Merz     Pieter Meulenhoff    Teemu Murtola       Szilard Pall   
    Sander Pronk      Roland Schulz      Michael Shirts    Alexey Shvetsov  
   Alfons Sijbers     Peter Tieleman      Jon Vincent      Teemu Virolainen 
 Christian Wennberg    Maarten Wolf   
                           and the project leaders:
        Mark Abraham, Berk Hess, Erik Lindahl, and David van der Spoel

Copyright (c) 1991-2000, University of Groningen, The Netherlands.
Copyright (c) 2001-2018, The GROMACS development team at
Uppsala University, Stockholm University and
the Royal Institute of Technology, Sweden.
check out http://www.gromacs.org for more information.

GROMACS is free software; you can redistribute it and/or modify it
under the terms of the GNU Lesser General Public License
as published by the Free Software Foundation; either version 2.1
of the License, or (at your option) any later version.

GROMACS:      gmx editconf, version 2019
Executable:   /home/polyachenkoya/.local/bin/gmx_serial
Data prefix:  /home/polyachenkoya/.local
Working dir:  /mnt/storage/home/polyachenkoya/1iee/run/dV_time2.0_3
Command line:
  gmx_serial editconf -f nvt.gro -o nvt_bigbox.gro -box 7.71199 7.71199 7.45029


GROMACS reminds you: "Try to calculate the numbers that have been" (The Smoke Fairies)

Note that major changes are planned in future for editconf, to improve usability and utility.Read 58608 atoms
Volume: 441.778 nm^3, corresponds to roughly 198800 electrons
Velocities found
    system size :  7.840  7.843  7.583 (nm)
    center      :  3.861  3.853  3.718 (nm)
    box vectors :  7.704  7.704  7.443 (nm)
    box angles  :  90.00  90.00  90.00 (degrees)
    box volume  : 441.78               (nm^3)
    shift       : -0.005  0.003  0.007 (nm)
new center      :  3.856  3.856  3.725 (nm)
new box vectors :  7.712  7.712  7.450 (nm)
new box angles  :  90.00  90.00  90.00 (degrees)
new box volume  : 443.10               (nm^3)
Skipping preproc
./mainrun_slurm.sh dV_time2.0_3 1 4 0 nvt
./change_box_size.sh dV_time2.0_3 nvt.gro nvt_bigbox.gro 1.001
